Flutter crash report.
Please report a bug at https://github.com/flutter/flutter/issues.

## command

flutter --quiet assemble --no-version-check --depfile C:\flutter_project\karbari1\build\app\intermediates\flutter\debug/flutter_build.d --output C:\flutter_project\karbari1\build\app\intermediates\flutter\debug -dTargetFile=E:\0??100 ?????? ? ????\7Learn Flutter\2_?????_????_????_??????_???_????_?????_?_????_???????_?????\09 - ???? ?? ????? +assets\profile_project\lib\main.dart -dTargetPlatform=android -dBuildMode=debug -dTrackWidgetCreation=true --DartDefines=RkxVVFRFUl9XRUJfQVVUT19ERVRFQ1Q9dHJ1ZQ== debug_android_application

## exception

ArgumentError: Invalid argument(s): Illegal character in path

```
#0      _Uri._checkWindowsPathReservedCharacters (dart:core/uri.dart:1839:11)
#1      _Uri._makeWindowsFileUrl (dart:core/uri.dart:1903:7)
#2      new _Uri.file (dart:core/uri.dart:1806:11)
#3      FileSystemEntity.uri (dart:io/file_system_entity.dart:244:22)
#4      ForwardingFileSystemEntity.uri (package:file/src/forwarding/forwarding_file_system_entity.dart:37:27)
#5      ForwardingFileSystemEntity.uri (package:file/src/forwarding/forwarding_file_system_entity.dart:37:27)
#6      DartPluginRegistrantTarget.build (package:flutter_tools/src/build_system/targets/dart_plugin_registrant.dart:45:47)
<asynchronous suspension>
#7      _BuildInstance._invokeInternal (package:flutter_tools/src/build_system/build_system.dart:839:9)
<asynchronous suspension>
#8      Future.wait.<anonymous closure> (dart:async/future.dart:522:21)
<asynchronous suspension>
#9      _BuildInstance.invokeTarget (package:flutter_tools/src/build_system/build_system.dart:777:32)
<asynchronous suspension>
#10     Future.wait.<anonymous closure> (dart:async/future.dart:522:21)
<asynchronous suspension>
#11     _BuildInstance.invokeTarget (package:flutter_tools/src/build_system/build_system.dart:777:32)
<asynchronous suspension>
#12     FlutterBuildSystem.build (package:flutter_tools/src/build_system/build_system.dart:606:16)
<asynchronous suspension>
#13     AssembleCommand.runCommand (package:flutter_tools/src/commands/assemble.dart:316:32)
<asynchronous suspension>
#14     FlutterCommand.run.<anonymous closure> (package:flutter_tools/src/runner/flutter_command.dart:1209:27)
<asynchronous suspension>
#15     AppContext.run.<anonymous closure> (package:flutter_tools/src/base/context.dart:150:19)
<asynchronous suspension>
#16     CommandRunner.runCommand (package:args/command_runner.dart:209:13)
<asynchronous suspension>
#17     FlutterCommandRunner.runCommand.<anonymous closure> (package:flutter_tools/src/runner/flutter_command_runner.dart:281:9)
<asynchronous suspension>
#18     AppContext.run.<anonymous closure> (package:flutter_tools/src/base/context.dart:150:19)
<asynchronous suspension>
#19     FlutterCommandRunner.runCommand (package:flutter_tools/src/runner/flutter_command_runner.dart:229:5)
<asynchronous suspension>
#20     run.<anonymous closure>.<anonymous closure> (package:flutter_tools/runner.dart:62:9)
<asynchronous suspension>
#21     AppContext.run.<anonymous closure> (package:flutter_tools/src/base/context.dart:150:19)
<asynchronous suspension>
#22     main (package:flutter_tools/executable.dart:91:3)
<asynchronous suspension>
```

## flutter doctor

```
[✓] Flutter (Channel stable, 3.3.9, on Microsoft Windows [Version 10.0.19045.2251], locale en-US)
    • Flutter version 3.3.9 on channel stable at C:\Users\USer\AppData\Local\flutter
    • Upstream repository https://github.com/flutter/flutter.git
    • Framework revision b8f7f1f986 (4 weeks ago), 2022-11-23 06:43:51 +0900
    • Engine revision 8f2221fbef
    • Dart version 2.18.5
    • DevTools version 2.15.0

[!] Android toolchain - develop for Android devices (Android SDK version 33.0.1)
    • Android SDK at C:\Users\USer\AppData\Local\Android\sdk
    ✗ cmdline-tools component is missing
      Run `path/to/sdkmanager --install "cmdline-tools;latest"`
      See https://developer.android.com/studio/command-line for more details.
    ✗ Android license status unknown.
      Run `flutter doctor --android-licenses` to accept the SDK licenses.
      See https://flutter.dev/docs/get-started/install/windows#android-setup for more details.

[✓] Chrome - develop for the web
    • Chrome at C:\Program Files\Google\Chrome\Application\chrome.exe

[✗] Visual Studio - develop for Windows
    ✗ Visual Studio not installed; this is necessary for Windows development.
      Download at https://visualstudio.microsoft.com/downloads/.
      Please install the "Desktop development with C++" workload, including all of its default components

[✓] Android Studio (version 2021.3)
    • Android Studio at C:\Program Files\Android\Android Studio
    • Flutter plugin can be installed from:
      🔨 https://plugins.jetbrains.com/plugin/9212-flutter
    • Dart plugin can be installed from:
      🔨 https://plugins.jetbrains.com/plugin/6351-dart
    • Java version OpenJDK Runtime Environment (build 11.0.11+9-b60-7590822)

[✓] VS Code, 64-bit edition (version 1.74.0)
    • VS Code at C:\Program Files\Microsoft VS Code
    • Flutter extension version 3.54.0

[✓] Connected device (4 available)
    • Android SDK built for x86 (mobile) • emulator-5554 • android-x86    • Android 7.1.1 (API 25) (emulator)
    • Windows (desktop)                  • windows       • windows-x64    • Microsoft Windows [Version 10.0.19045.2251]
    • Chrome (web)                       • chrome        • web-javascript • Google Chrome 108.0.5359.125
    • Edge (web)                         • edge          • web-javascript • Microsoft Edge 108.0.1462.54

[✓] HTTP Host Availability
    • All required HTTP hosts are available

! Doctor found issues in 2 categories.
```
